2025-06-20 14:11:47.770  INFO 27788 --- [main] org.example.wonderingNoteApplication     : Starting wonderingNoteApplication using Java 1.8.0_442 on Dionysus with PID 27788 (F:\WonderingNote\wondering_note\springboot\wonderingNote\target\classes started by 15464 in F:\WonderingNote\wondering_note\springboot)
2025-06-20 14:11:47.770  INFO 15684 --- [main] org.example.wonderingNoteApplication     : Starting wonderingNoteApplication using Java 1.8.0_442 on Dionysus with PID 15684 (F:\WonderingNote\wondering_note\springboot\wonderingNote\target\classes started by 15464 in f:\WonderingNote\wondering_note\springboot)
2025-06-20 14:11:47.780  INFO 27788 --- [main] org.example.wonderingNoteApplication     : No active profile set, falling back to 1 default profile: "default"
2025-06-20 14:11:47.781  INFO 15684 --- [main] org.example.wonderingNoteApplication     : No active profile set, falling back to 1 default profile: "default"
2025-06-20 14:11:49.291  WARN 15684 --- [main] o.m.s.mapper.ClassPathMapperScanner      : No MyBatis mapper was found in '[org.example]' package. Please check your configuration.
2025-06-20 14:11:49.307  WARN 27788 --- [main] o.m.s.mapper.ClassPathMapperScanner      : No MyBatis mapper was found in '[org.example]' package. Please check your configuration.
2025-06-20 14:11:52.148  INFO 15684 --- [main] o.s.b.w.embedded.tomcat.TomcatWebServer  : Tomcat initialized with port(s): 8888 (http)
2025-06-20 14:11:52.173  INFO 15684 --- [main] o.apache.catalina.core.StandardService   : Starting service [Tomcat]
2025-06-20 14:11:52.173  INFO 15684 --- [main] org.apache.catalina.core.StandardEngine  : Starting Servlet engine: [Apache Tomcat/9.0.62]
2025-06-20 14:11:52.173  INFO 27788 --- [main] o.s.b.w.embedded.tomcat.TomcatWebServer  : Tomcat initialized with port(s): 8888 (http)
2025-06-20 14:11:52.197  INFO 27788 --- [main] o.apache.catalina.core.StandardService   : Starting service [Tomcat]
2025-06-20 14:11:52.198  INFO 27788 --- [main] org.apache.catalina.core.StandardEngine  : Starting Servlet engine: [Apache Tomcat/9.0.62]
2025-06-20 14:11:52.334  INFO 15684 --- [main] o.a.c.c.C.[Tomcat].[localhost].[/]       : Initializing Spring embedded WebApplicationContext
2025-06-20 14:11:52.336  INFO 15684 --- [main] w.s.c.ServletWebServerApplicationContext : Root WebApplicationContext: initialization completed in 4481 ms
2025-06-20 14:11:52.336  INFO 27788 --- [main] o.a.c.c.C.[Tomcat].[localhost].[/]       : Initializing Spring embedded WebApplicationContext
2025-06-20 14:11:52.337  INFO 27788 --- [main] w.s.c.ServletWebServerApplicationContext : Root WebApplicationContext: initialization completed in 4482 ms
2025-06-20 14:11:52.614  INFO 15684 --- [main] c.a.d.s.b.a.DruidDataSourceAutoConfigure : Init DruidDataSource
2025-06-20 14:11:52.618  INFO 27788 --- [main] c.a.d.s.b.a.DruidDataSourceAutoConfigure : Init DruidDataSource
2025-06-20 14:11:52.896  INFO 27788 --- [main] com.alibaba.druid.pool.DruidDataSource   : {dataSource-1} inited
2025-06-20 14:11:52.896  INFO 15684 --- [main] com.alibaba.druid.pool.DruidDataSource   : {dataSource-1} inited
2025-06-20 14:11:55.250  INFO 15684 --- [main] o.s.b.w.embedded.tomcat.TomcatWebServer  : Tomcat started on port(s): 8888 (http) with context path ''
2025-06-20 14:11:55.251  WARN 27788 --- [main] ConfigServletWebServerApplicationContext : Exception encountered during context initialization - cancelling refresh attempt: org.springframework.context.ApplicationContextException: Failed to start bean 'webServerStartStop'; nested exception is org.springframework.boot.web.server.PortInUseException: Port 8888 is already in use
2025-06-20 14:11:55.266  INFO 27788 --- [main] com.alibaba.druid.pool.DruidDataSource   : {dataSource-1} closing ...
2025-06-20 14:11:55.270  INFO 27788 --- [main] com.alibaba.druid.pool.DruidDataSource   : {dataSource-1} closed
2025-06-20 14:11:55.269  INFO 15684 --- [main] org.example.wonderingNoteApplication     : Started wonderingNoteApplication in 8.167 seconds (JVM running for 12.319)
2025-06-20 14:11:55.275  INFO 27788 --- [main] o.apache.catalina.core.StandardService   : Stopping service [Tomcat]
2025-06-20 14:11:55.295  INFO 27788 --- [main] ConditionEvaluationReportLoggingListener : 

Error starting ApplicationContext. To display the conditions report re-run your application with 'debug' enabled.
2025-06-20 14:11:55.350 ERROR 27788 --- [main] o.s.b.d.LoggingFailureAnalysisReporter   : 

***************************
APPLICATION FAILED TO START
***************************

Description:

Web server failed to start. Port 8888 was already in use.

Action:

Identify and stop the process that's listening on port 8888 or configure this application to listen on another port.

2025-06-20 14:12:27.013  INFO 21928 --- [main] org.example.wonderingNoteApplication     : Starting wonderingNoteApplication using Java 1.8.0_442 on Dionysus with PID 21928 (F:\WonderingNote\wondering_note\springboot\wonderingNote\target\classes started by 15464 in F:\WonderingNote\wondering_note\springboot)
2025-06-20 14:12:27.017  INFO 21928 --- [main] org.example.wonderingNoteApplication     : No active profile set, falling back to 1 default profile: "default"
2025-06-20 14:12:27.220  INFO 2856 --- [main] org.example.wonderingNoteApplication     : Starting wonderingNoteApplication using Java 1.8.0_442 on Dionysus with PID 2856 (F:\WonderingNote\wondering_note\springboot\wonderingNote\target\classes started by 15464 in f:\WonderingNote\wondering_note\springboot)
2025-06-20 14:12:27.223  INFO 2856 --- [main] org.example.wonderingNoteApplication     : No active profile set, falling back to 1 default profile: "default"
2025-06-20 14:12:28.217  WARN 21928 --- [main] o.m.s.mapper.ClassPathMapperScanner      : No MyBatis mapper was found in '[org.example]' package. Please check your configuration.
2025-06-20 14:12:28.412  WARN 2856 --- [main] o.m.s.mapper.ClassPathMapperScanner      : No MyBatis mapper was found in '[org.example]' package. Please check your configuration.
2025-06-20 14:12:30.518  INFO 21928 --- [main] o.s.b.w.embedded.tomcat.TomcatWebServer  : Tomcat initialized with port(s): 8888 (http)
2025-06-20 14:12:30.537  INFO 21928 --- [main] o.apache.catalina.core.StandardService   : Starting service [Tomcat]
2025-06-20 14:12:30.538  INFO 21928 --- [main] org.apache.catalina.core.StandardEngine  : Starting Servlet engine: [Apache Tomcat/9.0.62]
2025-06-20 14:12:30.629  INFO 2856 --- [main] o.s.b.w.embedded.tomcat.TomcatWebServer  : Tomcat initialized with port(s): 8888 (http)
2025-06-20 14:12:30.645  INFO 2856 --- [main] o.apache.catalina.core.StandardService   : Starting service [Tomcat]
2025-06-20 14:12:30.646  INFO 2856 --- [main] org.apache.catalina.core.StandardEngine  : Starting Servlet engine: [Apache Tomcat/9.0.62]
2025-06-20 14:12:30.653  INFO 21928 --- [main] o.a.c.c.C.[Tomcat].[localhost].[/]       : Initializing Spring embedded WebApplicationContext
2025-06-20 14:12:30.654  INFO 21928 --- [main] w.s.c.ServletWebServerApplicationContext : Root WebApplicationContext: initialization completed in 3574 ms
2025-06-20 14:12:30.787  INFO 2856 --- [main] o.a.c.c.C.[Tomcat].[localhost].[/]       : Initializing Spring embedded WebApplicationContext
2025-06-20 14:12:30.788  INFO 2856 --- [main] w.s.c.ServletWebServerApplicationContext : Root WebApplicationContext: initialization completed in 3505 ms
2025-06-20 14:12:30.952  INFO 21928 --- [main] c.a.d.s.b.a.DruidDataSourceAutoConfigure : Init DruidDataSource
2025-06-20 14:12:31.129  INFO 2856 --- [main] c.a.d.s.b.a.DruidDataSourceAutoConfigure : Init DruidDataSource
2025-06-20 14:12:31.226  INFO 21928 --- [main] com.alibaba.druid.pool.DruidDataSource   : {dataSource-1} inited
2025-06-20 14:12:31.379  INFO 2856 --- [main] com.alibaba.druid.pool.DruidDataSource   : {dataSource-1} inited
2025-06-20 14:12:33.089  WARN 21928 --- [main] ConfigServletWebServerApplicationContext : Exception encountered during context initialization - cancelling refresh attempt: org.springframework.context.ApplicationContextException: Failed to start bean 'webServerStartStop'; nested exception is org.springframework.boot.web.server.PortInUseException: Port 8888 is already in use
2025-06-20 14:12:33.095  INFO 21928 --- [main] com.alibaba.druid.pool.DruidDataSource   : {dataSource-1} closing ...
2025-06-20 14:12:33.101  INFO 21928 --- [main] com.alibaba.druid.pool.DruidDataSource   : {dataSource-1} closed
2025-06-20 14:12:33.113  INFO 21928 --- [main] o.apache.catalina.core.StandardService   : Stopping service [Tomcat]
2025-06-20 14:12:33.143  INFO 21928 --- [main] ConditionEvaluationReportLoggingListener : 

Error starting ApplicationContext. To display the conditions report re-run your application with 'debug' enabled.
2025-06-20 14:12:33.214 ERROR 21928 --- [main] o.s.b.d.LoggingFailureAnalysisReporter   : 

***************************
APPLICATION FAILED TO START
***************************

Description:

Web server failed to start. Port 8888 was already in use.

Action:

Identify and stop the process that's listening on port 8888 or configure this application to listen on another port.

2025-06-20 14:12:33.305  WARN 2856 --- [main] ConfigServletWebServerApplicationContext : Exception encountered during context initialization - cancelling refresh attempt: org.springframework.context.ApplicationContextException: Failed to start bean 'webServerStartStop'; nested exception is org.springframework.boot.web.server.PortInUseException: Port 8888 is already in use
2025-06-20 14:12:33.337  INFO 2856 --- [main] com.alibaba.druid.pool.DruidDataSource   : {dataSource-1} closing ...
2025-06-20 14:12:33.342  INFO 2856 --- [main] com.alibaba.druid.pool.DruidDataSource   : {dataSource-1} closed
2025-06-20 14:12:33.348  INFO 2856 --- [main] o.apache.catalina.core.StandardService   : Stopping service [Tomcat]
2025-06-20 14:12:33.379  INFO 2856 --- [main] ConditionEvaluationReportLoggingListener : 

Error starting ApplicationContext. To display the conditions report re-run your application with 'debug' enabled.
2025-06-20 14:12:33.408 ERROR 2856 --- [main] o.s.b.d.LoggingFailureAnalysisReporter   : 

***************************
APPLICATION FAILED TO START
***************************

Description:

Web server failed to start. Port 8888 was already in use.

Action:

Identify and stop the process that's listening on port 8888 or configure this application to listen on another port.

2025-06-20 14:12:47.351  INFO 7484 --- [main] org.example.wonderingNoteApplication     : Starting wonderingNoteApplication using Java 1.8.0_442 on Dionysus with PID 7484 (F:\WonderingNote\wondering_note\springboot\wonderingNote\target\classes started by 15464 in f:\WonderingNote\wondering_note\springboot)
2025-06-20 14:12:47.353  INFO 7484 --- [main] org.example.wonderingNoteApplication     : No active profile set, falling back to 1 default profile: "default"
2025-06-20 14:12:48.141  WARN 7484 --- [main] o.m.s.mapper.ClassPathMapperScanner      : No MyBatis mapper was found in '[org.example]' package. Please check your configuration.
2025-06-20 14:12:49.055  INFO 7484 --- [main] o.s.b.w.embedded.tomcat.TomcatWebServer  : Tomcat initialized with port(s): 8888 (http)
2025-06-20 14:12:49.079  INFO 7484 --- [main] o.apache.catalina.core.StandardService   : Starting service [Tomcat]
2025-06-20 14:12:49.080  INFO 7484 --- [main] org.apache.catalina.core.StandardEngine  : Starting Servlet engine: [Apache Tomcat/9.0.62]
2025-06-20 14:12:49.199  INFO 7484 --- [main] o.a.c.c.C.[Tomcat].[localhost].[/]       : Initializing Spring embedded WebApplicationContext
2025-06-20 14:12:49.200  INFO 7484 --- [main] w.s.c.ServletWebServerApplicationContext : Root WebApplicationContext: initialization completed in 1801 ms
2025-06-20 14:12:49.467  INFO 7484 --- [main] c.a.d.s.b.a.DruidDataSourceAutoConfigure : Init DruidDataSource
2025-06-20 14:12:49.645  INFO 7484 --- [main] com.alibaba.druid.pool.DruidDataSource   : {dataSource-1} inited
2025-06-20 14:12:50.983  WARN 7484 --- [main] ConfigServletWebServerApplicationContext : Exception encountered during context initialization - cancelling refresh attempt: org.springframework.context.ApplicationContextException: Failed to start bean 'webServerStartStop'; nested exception is org.springframework.boot.web.server.PortInUseException: Port 8888 is already in use
2025-06-20 14:12:50.986  INFO 7484 --- [main] com.alibaba.druid.pool.DruidDataSource   : {dataSource-1} closing ...
2025-06-20 14:12:50.988  INFO 7484 --- [main] com.alibaba.druid.pool.DruidDataSource   : {dataSource-1} closed
2025-06-20 14:12:50.991  INFO 7484 --- [main] o.apache.catalina.core.StandardService   : Stopping service [Tomcat]
2025-06-20 14:12:51.003  INFO 7484 --- [main] ConditionEvaluationReportLoggingListener : 

Error starting ApplicationContext. To display the conditions report re-run your application with 'debug' enabled.
2025-06-20 14:12:51.021 ERROR 7484 --- [main] o.s.b.d.LoggingFailureAnalysisReporter   : 

***************************
APPLICATION FAILED TO START
***************************

Description:

Web server failed to start. Port 8888 was already in use.

Action:

Identify and stop the process that's listening on port 8888 or configure this application to listen on another port.

