Vivado Simulator 2014.4
Copyright 1986-1999, 2001-2014 Xilinx, Inc. All Rights Reserved.
Running: C:/XILINX/Vivado/2014.4/bin/unwrapped/win64.o/xelab.exe -wto 2677d145b7f2429ab0ace680e9677388 --debug typical --relax -L xil_defaultlib -L unisims_ver -L unimacro_ver -L secureip --snapshot tutorial_tb_behav xil_defaultlib.tutorial_tb xil_defaultlib.glbl -log elaborate.log 
Multi-threading is on. Using 14 slave threads.
Starting static elaboration
Completed static elaboration
Starting simulation data flow analysis
Completed simulation data flow analysis
Time Resolution for simulation is 1ps
Compiling module xil_defaultlib.xup_and2
Compiling module xil_defaultlib.design_1_xup_and2_0_1
Compiling module xil_defaultlib.design_1_xup_and2_0_2
Compiling module xil_defaultlib.xup_inv
Compiling module xil_defaultlib.design_1_xup_inv_0_1
Compiling module xil_defaultlib.design_1_xup_inv_0_2
Compiling module xil_defaultlib.xup_or2
Compiling module xil_defaultlib.design_1_xup_or2_0_1
Compiling module xil_defaultlib.design_1
Compiling module xil_defaultlib.design_1_wrapper
Compiling module xil_defaultlib.tutorial_tb
Compiling module xil_defaultlib.glbl
Built simulation snapshot tutorial_tb_behav
